<?xml version="1.0" encoding="UTF-8"?>
<testsuite name="Scenario: I login with valid credential" tests="8" skipped="7" failures="0" errors="0" timestamp="2017-01-27T11:43:35" hostname="SG-2705" time="3.739">
  <properties/>
  <testcase name="Given I navigate to &quot;http://www.gmail.com&quot;" classname="Scenario: I login with valid credential" time="0.0">
    <skipped/>
  </testcase>
  <testcase name="And I enter &quot;diegmer@gmail.com&quot; into input field having id &quot;Email&quot;" classname="Scenario: I login with valid credential" time="0.0">
    <skipped/>
  </testcase>
  <testcase name="Then I click on element having id &quot;next&quot;" classname="Scenario: I login with valid credential" time="0.0">
    <skipped/>
  </testcase>
  <testcase name="And I enter &quot;123456&quot; into input field having id &quot;Passwd&quot;" classname="Scenario: I login with valid credential" time="0.0">
    <skipped/>
  </testcase>
  <testcase name="When I click on element having id &quot;signIn&quot;" classname="Scenario: I login with valid credential" time="0.0">
    <skipped/>
  </testcase>
  <testcase name="And I wait for 15 sec" classname="Scenario: I login with valid credential" time="0.0">
    <skipped/>
  </testcase>
  <testcase name="Then I close browser" classname="Scenario: I login with valid credential" time="0.0">
    <skipped/>
  </testcase>
  <testcase name="classMethod" classname="Scenario: I login with valid credential" time="4.356"/>
  <system-out><![CDATA[]]></system-out>
  <system-err><![CDATA[[Test worker] INFO net.serenitybdd.core.Serenity - 
 _____ _____ ____ _____   ____ _____  _    ____ _____ _____ ____  
|_   _| ____/ ___|_   _| / ___|_   _|/ \  |  _ \_   _| ____|  _ \ 
  | | |  _| \___ \ | |   \___ \ | | / _ \ | |_) || | |  _| | | | |
  | | | |___ ___) || |    ___) || |/ ___ \|  _ < | | | |___| |_| |
  |_| |_____|____/ |_|   |____/ |_/_/   \_\_| \_\|_| |_____|____/ 
                                                                  

TEST STARTED: I login with valid credential
-------------------------------------------------------------------
]]></system-err>
</testsuite>
